<?xml version="1.0" encoding="UTF-8"?>
<testsuite xmlns:xsi="http://www.w3.org/2001/XMLSchema-instance" xsi:noNamespaceSchemaLocation="https://maven.apache.org/surefire/maven-surefire-plugin/xsd/surefire-test-report.xsd" version="3.0.2" name="com.example.workflex.integration.WorkationServiceIntegrationTest" time="2.528" tests="2" errors="0" skipped="0" failures="0">
  <properties>
[...]
</properties>
  <testcase name="testGetWorkations_shouldReturnImportedData" classname="com.example.workflex.integration.WorkationServiceIntegrationTest" time="0.61">
    <system-out><![CDATA[18:56:00.913 [main] INFO org.springframework.test.context.support.AnnotationConfigContextLoaderUtils -- Could not detect default configuration classes for test class [com.example.workflex.integration.WorkationServiceIntegrationTest]: WorkationServiceIntegrationTest does not declare any static, non-private, non-final, nested classes annotated with @Configuration.
18:56:00.946 [main] INFO org.springframework.boot.test.context.SpringBootTestContextBootstrapper -- Found @SpringBootConfiguration com.example.workflex.WorkflexApplication for test class com.example.workflex.integration.WorkationServiceIntegrationTest

  .   ____          _            __ _ _
 /\\ / ___'_ __ _ _(_)_ __  __ _ \ \ \ \
( ( )\___ | '_ | '_| | '_ \/ _` | \ \ \ \
 \\/  ___)| |_)| | | | | || (_| |  ) ) ) )
  '  |____| .__|_| |_|_| |_\__, | / / / /
 =========|_|==============|___/=/_/_/_/

 :: Spring Boot ::                (v3.4.4)

2025-04-25T18:56:01.060-03:00  INFO 40386 --- [workflex] [           main] c.e.w.i.WorkationServiceIntegrationTest  : Starting WorkationServiceIntegrationTest using Java 17.0.9 with PID 40386 (started by paulopigassi in /Users/paulopigassi/Documents/workflexchallenge/backend)
2025-04-25T18:56:01.061-03:00  INFO 40386 --- [workflex] [           main] c.e.w.i.WorkationServiceIntegrationTest  : No active profile set, falling back to 1 default profile: "default"
2025-04-25T18:56:01.336-03:00  INFO 40386 --- [workflex] [           main] .s.d.r.c.RepositoryConfigurationDelegate : Bootstrapping Spring Data JPA repositories in DEFAULT mode.
2025-04-25T18:56:01.352-03:00  INFO 40386 --- [workflex] [           main] .s.d.r.c.RepositoryConfigurationDelegate : Finished Spring Data repository scanning in 12 ms. Found 1 JPA repository interface.
2025-04-25T18:56:01.525-03:00  INFO 40386 --- [workflex] [           main] o.hibernate.jpa.internal.util.LogHelper  : HHH000204: Processing PersistenceUnitInfo [name: default]
2025-04-25T18:56:01.542-03:00  INFO 40386 --- [workflex] [           main] org.hibernate.Version                    : HHH000412: Hibernate ORM core version 6.6.11.Final
2025-04-25T18:56:01.558-03:00  INFO 40386 --- [workflex] [           main] o.h.c.internal.RegionFactoryInitiator    : HHH000026: Second-level cache disabled
2025-04-25T18:56:01.642-03:00  INFO 40386 --- [workflex] [           main] o.s.o.j.p.SpringPersistenceUnitInfo      : No LoadTimeWeaver setup: ignoring JPA class transformer
2025-04-25T18:56:01.651-03:00  INFO 40386 --- [workflex] [           main] com.zaxxer.hikari.HikariDataSource       : HikariPool-1 - Starting...
2025-04-25T18:56:01.726-03:00  INFO 40386 --- [workflex] [           main] com.zaxxer.hikari.pool.HikariPool        : HikariPool-1 - Added connection org.postgresql.jdbc.PgConnection@1fbd5e0
2025-04-25T18:56:01.727-03:00  INFO 40386 --- [workflex] [           main] com.zaxxer.hikari.HikariDataSource       : HikariPool-1 - Start completed.
2025-04-25T18:56:01.739-03:00  WARN 40386 --- [workflex] [           main] org.hibernate.orm.deprecation            : HHH90000025: PostgreSQLDialect does not need to be specified explicitly using 'hibernate.dialect' (remove the property setting and it will be selected by default)
2025-04-25T18:56:01.746-03:00  INFO 40386 --- [workflex] [           main] org.hibernate.orm.connections.pooling    : HHH10001005: Database info:
	Database JDBC URL [Connecting through datasource 'HikariDataSource (HikariPool-1)']
	Database driver: undefined/unknown
	Database version: 15.12
	Autocommit mode: undefined/unknown
	Isolation level: undefined/unknown
	Minimum pool size: undefined/unknown
	Maximum pool size: undefined/unknown
2025-04-25T18:56:02.001-03:00  INFO 40386 --- [workflex] [           main] o.h.e.t.j.p.i.JtaPlatformInitiator       : HHH000489: No JTA platform available (set 'hibernate.transaction.jta.platform' to enable JTA platform integration)
2025-04-25T18:56:02.024-03:00  INFO 40386 --- [workflex] [           main] j.LocalContainerEntityManagerFactoryBean : Initialized JPA EntityManagerFactory for persistence unit 'default'
2025-04-25T18:56:02.190-03:00  WARN 40386 --- [workflex] [           main] JpaBaseConfiguration$JpaWebConfiguration : spring.jpa.open-in-view is enabled by default. Therefore, database queries may be performed during view rendering. Explicitly configure spring.jpa.open-in-view to disable this warning
2025-04-25T18:56:02.443-03:00  INFO 40386 --- [workflex] [           main] o.s.b.a.e.web.EndpointLinksResolver      : Exposing 1 endpoint beneath base path '/actuator'
2025-04-25T18:56:02.475-03:00  INFO 40386 --- [workflex] [           main] c.e.w.i.WorkationServiceIntegrationTest  : Started WorkationServiceIntegrationTest in 1.488 seconds (process running for 1.78)
2025-04-25T18:56:02.501-03:00  INFO 40386 --- [workflex] [           main] j.LocalContainerEntityManagerFactoryBean : Closing JPA EntityManagerFactory for persistence unit 'default'
2025-04-25T18:56:02.502-03:00  INFO 40386 --- [workflex] [           main] com.zaxxer.hikari.HikariDataSource       : HikariPool-1 - Shutdown initiated...
2025-04-25T18:56:02.503-03:00  INFO 40386 --- [workflex] [           main] com.zaxxer.hikari.HikariDataSource       : HikariPool-1 - Shutdown completed.

  .   ____          _            __ _ _
 /\\ / ___'_ __ _ _(_)_ __  __ _ \ \ \ \
( ( )\___ | '_ | '_| | '_ \/ _` | \ \ \ \
 \\/  ___)| |_)| | | | | || (_| |  ) ) ) )
  '  |____| .__|_| |_|_| |_\__, | / / / /
 =========|_|==============|___/=/_/_/_/

 :: Spring Boot ::                (v3.4.4)

2025-04-25T18:56:02.513-03:00  INFO 40386 --- [workflex] [           main] c.e.w.i.WorkationServiceIntegrationTest  : Starting WorkationServiceIntegrationTest using Java 17.0.9 with PID 40386 (started by paulopigassi in /Users/paulopigassi/Documents/workflexchallenge/backend)
2025-04-25T18:56:02.513-03:00  INFO 40386 --- [workflex] [           main] c.e.w.i.WorkationServiceIntegrationTest  : No active profile set, falling back to 1 default profile: "default"
2025-04-25T18:56:02.580-03:00  INFO 40386 --- [workflex] [           main] .s.d.r.c.RepositoryConfigurationDelegate : Bootstrapping Spring Data JPA repositories in DEFAULT mode.
2025-04-25T18:56:02.583-03:00  INFO 40386 --- [workflex] [           main] .s.d.r.c.RepositoryConfigurationDelegate : Finished Spring Data repository scanning in 2 ms. Found 1 JPA repository interface.
2025-04-25T18:56:02.615-03:00  INFO 40386 --- [workflex] [           main] o.hibernate.jpa.internal.util.LogHelper  : HHH000204: Processing PersistenceUnitInfo [name: default]
2025-04-25T18:56:02.616-03:00  INFO 40386 --- [workflex] [           main] o.h.c.internal.RegionFactoryInitiator    : HHH000026: Second-level cache disabled
2025-04-25T18:56:02.620-03:00  INFO 40386 --- [workflex] [           main] o.s.o.j.p.SpringPersistenceUnitInfo      : No LoadTimeWeaver setup: ignoring JPA class transformer
2025-04-25T18:56:02.620-03:00  INFO 40386 --- [workflex] [           main] com.zaxxer.hikari.HikariDataSource       : HikariPool-2 - Starting...
2025-04-25T18:56:02.627-03:00  INFO 40386 --- [workflex] [           main] com.zaxxer.hikari.pool.HikariPool        : HikariPool-2 - Added connection org.postgresql.jdbc.PgConnection@24fcfdb
2025-04-25T18:56:02.627-03:00  INFO 40386 --- [workflex] [           main] com.zaxxer.hikari.HikariDataSource       : HikariPool-2 - Start completed.
2025-04-25T18:56:02.629-03:00  WARN 40386 --- [workflex] [           main] org.hibernate.orm.deprecation            : HHH90000025: PostgreSQLDialect does not need to be specified explicitly using 'hibernate.dialect' (remove the property setting and it will be selected by default)
2025-04-25T18:56:02.629-03:00  INFO 40386 --- [workflex] [           main] org.hibernate.orm.connections.pooling    : HHH10001005: Database info:
	Database JDBC URL [Connecting through datasource 'HikariDataSource (HikariPool-2)']
	Database driver: undefined/unknown
	Database version: 15.12
	Autocommit mode: undefined/unknown
	Isolation level: undefined/unknown
	Minimum pool size: undefined/unknown
	Maximum pool size: undefined/unknown
2025-04-25T18:56:02.644-03:00  INFO 40386 --- [workflex] [           main] o.h.e.t.j.p.i.JtaPlatformInitiator       : HHH000489: No JTA platform available (set 'hibernate.transaction.jta.platform' to enable JTA platform integration)
2025-04-25T18:56:02.649-03:00  INFO 40386 --- [workflex] [           main] j.LocalContainerEntityManagerFactoryBean : Initialized JPA EntityManagerFactory for persistence unit 'default'
2025-04-25T18:56:02.694-03:00  WARN 40386 --- [workflex] [           main] JpaBaseConfiguration$JpaWebConfiguration : spring.jpa.open-in-view is enabled by default. Therefore, database queries may be performed during view rendering. Explicitly configure spring.jpa.open-in-view to disable this warning
2025-04-25T18:56:02.826-03:00  INFO 40386 --- [workflex] [           main] o.s.b.a.e.web.EndpointLinksResolver      : Exposing 1 endpoint beneath base path '/actuator'
2025-04-25T18:56:02.836-03:00  INFO 40386 --- [workflex] [           main] c.e.w.i.WorkationServiceIntegrationTest  : Started WorkationServiceIntegrationTest in 0.33 seconds (process running for 2.141)
Hibernate: select w1_0.id,w1_0.destination,w1_0.employee,w1_0.end_date,w1_0.origin,w1_0.risk,w1_0.start_date,w1_0.workation_id,w1_0.working_days from workations w1_0
]]></system-out>
  </testcase>
  <testcase name="testImportCSV_shouldImportWorkationsCorrectly" classname="com.example.workflex.integration.WorkationServiceIntegrationTest" time="0.286">
    <system-out><![CDATA[2025-04-25T18:56:03.110-03:00  INFO 40386 --- [workflex] [           main] j.LocalContainerEntityManagerFactoryBean : Closing JPA EntityManagerFactory for persistence unit 'default'
2025-04-25T18:56:03.110-03:00  INFO 40386 --- [workflex] [           main] com.zaxxer.hikari.HikariDataSource       : HikariPool-2 - Shutdown initiated...
2025-04-25T18:56:03.125-03:00  INFO 40386 --- [workflex] [           main] com.zaxxer.hikari.HikariDataSource       : HikariPool-2 - Shutdown completed.

  .   ____          _            __ _ _
 /\\ / ___'_ __ _ _(_)_ __  __ _ \ \ \ \
( ( )\___ | '_ | '_| | '_ \/ _` | \ \ \ \
 \\/  ___)| |_)| | | | | || (_| |  ) ) ) )
  '  |____| .__|_| |_|_| |_\__, | / / / /
 =========|_|==============|___/=/_/_/_/

 :: Spring Boot ::                (v3.4.4)

2025-04-25T18:56:03.132-03:00  INFO 40386 --- [workflex] [           main] c.e.w.i.WorkationServiceIntegrationTest  : Starting WorkationServiceIntegrationTest using Java 17.0.9 with PID 40386 (started by paulopigassi in /Users/paulopigassi/Documents/workflexchallenge/backend)
2025-04-25T18:56:03.132-03:00  INFO 40386 --- [workflex] [           main] c.e.w.i.WorkationServiceIntegrationTest  : No active profile set, falling back to 1 default profile: "default"
2025-04-25T18:56:03.186-03:00  INFO 40386 --- [workflex] [           main] .s.d.r.c.RepositoryConfigurationDelegate : Bootstrapping Spring Data JPA repositories in DEFAULT mode.
2025-04-25T18:56:03.188-03:00  INFO 40386 --- [workflex] [           main] .s.d.r.c.RepositoryConfigurationDelegate : Finished Spring Data repository scanning in 2 ms. Found 1 JPA repository interface.
2025-04-25T18:56:03.213-03:00  INFO 40386 --- [workflex] [           main] o.hibernate.jpa.internal.util.LogHelper  : HHH000204: Processing PersistenceUnitInfo [name: default]
2025-04-25T18:56:03.213-03:00  INFO 40386 --- [workflex] [           main] o.h.c.internal.RegionFactoryInitiator    : HHH000026: Second-level cache disabled
2025-04-25T18:56:03.216-03:00  INFO 40386 --- [workflex] [           main] o.s.o.j.p.SpringPersistenceUnitInfo      : No LoadTimeWeaver setup: ignoring JPA class transformer
2025-04-25T18:56:03.216-03:00  INFO 40386 --- [workflex] [           main] com.zaxxer.hikari.HikariDataSource       : HikariPool-3 - Starting...
2025-04-25T18:56:03.226-03:00  INFO 40386 --- [workflex] [           main] com.zaxxer.hikari.pool.HikariPool        : HikariPool-3 - Added connection org.postgresql.jdbc.PgConnection@77cac3b
2025-04-25T18:56:03.226-03:00  INFO 40386 --- [workflex] [           main] com.zaxxer.hikari.HikariDataSource       : HikariPool-3 - Start completed.
2025-04-25T18:56:03.228-03:00  WARN 40386 --- [workflex] [           main] org.hibernate.orm.deprecation            : HHH90000025: PostgreSQLDialect does not need to be specified explicitly using 'hibernate.dialect' (remove the property setting and it will be selected by default)
2025-04-25T18:56:03.229-03:00  INFO 40386 --- [workflex] [           main] org.hibernate.orm.connections.pooling    : HHH10001005: Database info:
	Database JDBC URL [Connecting through datasource 'HikariDataSource (HikariPool-3)']
	Database driver: undefined/unknown
	Database version: 15.12
	Autocommit mode: undefined/unknown
	Isolation level: undefined/unknown
	Minimum pool size: undefined/unknown
	Maximum pool size: undefined/unknown
2025-04-25T18:56:03.242-03:00  INFO 40386 --- [workflex] [           main] o.h.e.t.j.p.i.JtaPlatformInitiator       : HHH000489: No JTA platform available (set 'hibernate.transaction.jta.platform' to enable JTA platform integration)
2025-04-25T18:56:03.251-03:00  INFO 40386 --- [workflex] [           main] j.LocalContainerEntityManagerFactoryBean : Initialized JPA EntityManagerFactory for persistence unit 'default'
2025-04-25T18:56:03.287-03:00  WARN 40386 --- [workflex] [           main] JpaBaseConfiguration$JpaWebConfiguration : spring.jpa.open-in-view is enabled by default. Therefore, database queries may be performed during view rendering. Explicitly configure spring.jpa.open-in-view to disable this warning
2025-04-25T18:56:03.377-03:00  INFO 40386 --- [workflex] [           main] o.s.b.a.e.web.EndpointLinksResolver      : Exposing 1 endpoint beneath base path '/actuator'
2025-04-25T18:56:03.388-03:00  INFO 40386 --- [workflex] [           main] c.e.w.i.WorkationServiceIntegrationTest  : Started WorkationServiceIntegrationTest in 0.262 seconds (process running for 2.693)
Hibernate: select w1_0.id,w1_0.destination,w1_0.employee,w1_0.end_date,w1_0.origin,w1_0.risk,w1_0.start_date,w1_0.workation_id,w1_0.working_days from workations w1_0
]]></system-out>
  </testcase>
</testsuite>